app/build/intermediates/manifest_merge_blame_file/debug/manifest-merger-blame-debug-report.txt
1<?xml version="1.0" encoding="utf-8"?>
2<manifest xmlns:android="http://schemas.android.com/apk/res/android"
3    package="com.devash.venturenotify"
4    android:versionCode="1"
5    android:versionName="1.0" >
6
7    <uses-sdk
8        android:minSdkVersion="21"
8-->src/main/AndroidManifest.xml
9        android:targetSdkVersion="33" />
9-->src/main/AndroidManifest.xml
10
11    <uses-permission android:name="android.permission.INTERNET" />
11-->src/main/AndroidManifest.xml:5:5-67
11-->src/main/AndroidManifest.xml:5:22-64
12    <uses-permission android:name="android.permission.VIBRATE" />
12-->src/main/AndroidManifest.xml:6:5-66
12-->src/main/AndroidManifest.xml:6:22-63
13    <uses-permission android:name="android.permission.POST_NOTIFICATIONS" />
13-->src/main/AndroidManifest.xml:7:5-77
13-->src/main/AndroidManifest.xml:7:22-74
14    <uses-permission android:name="android.permission.ACCESS_NETWORK_STATE" />
14-->[com.google.firebase:firebase-auth:21.1.0] AndroidManifest.xml:24:5-79
14-->[com.google.firebase:firebase-auth:21.1.0] AndroidManifest.xml:24:22-76
15    <uses-permission android:name="android.permission.WAKE_LOCK" /> <!-- Required by older versions of Google Play services to create IID tokens -->
15-->[com.google.firebase:firebase-messaging:23.1.0] AndroidManifest.xml:26:5-68
15-->[com.google.firebase:firebase-messaging:23.1.0] AndroidManifest.xml:26:22-65
16    <uses-permission android:name="com.google.android.c2dm.permission.RECEIVE" />
16-->[com.google.firebase:firebase-messaging:23.1.0] AndroidManifest.xml:28:5-82
16-->[com.google.firebase:firebase-messaging:23.1.0] AndroidManifest.xml:28:22-79
17
18    <application
18-->src/main/AndroidManifest.xml:9:5-100:19
19        android:allowBackup="true"
19-->src/main/AndroidManifest.xml:10:9-35
20        android:appComponentFactory="androidx.core.app.CoreComponentFactory"
20-->[androidx.core:core:1.8.0] AndroidManifest.xml:24:18-86
21        android:dataExtractionRules="@xml/data_extraction_rules"
21-->src/main/AndroidManifest.xml:11:9-65
22        android:debuggable="true"
23        android:fullBackupContent="@xml/backup_rules"
23-->src/main/AndroidManifest.xml:12:9-54
24        android:icon="@mipmap/ic_launcher"
24-->src/main/AndroidManifest.xml:13:9-43
25        android:label="@string/app_name"
25-->src/main/AndroidManifest.xml:14:9-41
26        android:roundIcon="@mipmap/ic_launcher_round"
26-->src/main/AndroidManifest.xml:15:9-54
27        android:supportsRtl="true"
27-->src/main/AndroidManifest.xml:16:9-35
28        android:testOnly="true"
29        android:theme="@style/Theme.AppCompat.DayNight.DarkActionBar" >
29-->src/main/AndroidManifest.xml:17:9-70
30        <activity
30-->src/main/AndroidManifest.xml:19:9-25:20
31            android:name="com.devash.venturenotify.Forgotpswd"
31-->src/main/AndroidManifest.xml:20:13-39
32            android:exported="false" >
32-->src/main/AndroidManifest.xml:21:13-37
33            <meta-data
33-->src/main/AndroidManifest.xml:22:13-24:36
34                android:name="android.app.lib_name"
34-->src/main/AndroidManifest.xml:23:17-52
35                android:value="" />
35-->src/main/AndroidManifest.xml:24:17-33
36        </activity>
37        <activity
37-->src/main/AndroidManifest.xml:26:9-32:20
38            android:name="com.devash.venturenotify.Editscheme"
38-->src/main/AndroidManifest.xml:27:13-39
39            android:exported="false" >
39-->src/main/AndroidManifest.xml:28:13-37
40            <meta-data
40-->src/main/AndroidManifest.xml:22:13-24:36
41                android:name="android.app.lib_name"
41-->src/main/AndroidManifest.xml:23:17-52
42                android:value="" />
42-->src/main/AndroidManifest.xml:24:17-33
43        </activity>
44        <activity
44-->src/main/AndroidManifest.xml:33:9-39:20
45            android:name="com.devash.venturenotify.Viewscheme"
45-->src/main/AndroidManifest.xml:34:13-39
46            android:exported="false" >
46-->src/main/AndroidManifest.xml:35:13-37
47            <meta-data
47-->src/main/AndroidManifest.xml:22:13-24:36
48                android:name="android.app.lib_name"
48-->src/main/AndroidManifest.xml:23:17-52
49                android:value="" />
49-->src/main/AndroidManifest.xml:24:17-33
50        </activity>
51        <activity
51-->src/main/AndroidManifest.xml:40:9-46:20
52            android:name="com.devash.venturenotify.CreateScheme"
52-->src/main/AndroidManifest.xml:41:13-41
53            android:exported="false" >
53-->src/main/AndroidManifest.xml:42:13-37
54            <meta-data
54-->src/main/AndroidManifest.xml:22:13-24:36
55                android:name="android.app.lib_name"
55-->src/main/AndroidManifest.xml:23:17-52
56                android:value="" />
56-->src/main/AndroidManifest.xml:24:17-33
57        </activity>
58        <activity
58-->src/main/AndroidManifest.xml:47:9-53:20
59            android:name="com.devash.venturenotify.DashBoard"
59-->src/main/AndroidManifest.xml:48:13-38
60            android:exported="false" >
60-->src/main/AndroidManifest.xml:49:13-37
61            <meta-data
61-->src/main/AndroidManifest.xml:22:13-24:36
62                android:name="android.app.lib_name"
62-->src/main/AndroidManifest.xml:23:17-52
63                android:value="" />
63-->src/main/AndroidManifest.xml:24:17-33
64        </activity>
65        <activity
65-->src/main/AndroidManifest.xml:54:9-61:20
66            android:name="com.devash.venturenotify.Register"
66-->src/main/AndroidManifest.xml:55:13-37
67            android:exported="false"
67-->src/main/AndroidManifest.xml:56:13-37
68            android:theme="@style/Theme.AppCompat.DayNight.NoActionBar" >
68-->src/main/AndroidManifest.xml:57:13-72
69            <meta-data
69-->src/main/AndroidManifest.xml:22:13-24:36
70                android:name="android.app.lib_name"
70-->src/main/AndroidManifest.xml:23:17-52
71                android:value="" />
71-->src/main/AndroidManifest.xml:24:17-33
72        </activity>
73        <activity
73-->src/main/AndroidManifest.xml:62:9-69:20
74            android:name="com.devash.venturenotify.Login"
74-->src/main/AndroidManifest.xml:63:13-34
75            android:exported="false"
75-->src/main/AndroidManifest.xml:64:13-37
76            android:theme="@style/Theme.AppCompat.DayNight.NoActionBar" >
76-->src/main/AndroidManifest.xml:65:13-72
77            <meta-data
77-->src/main/AndroidManifest.xml:22:13-24:36
78                android:name="android.app.lib_name"
78-->src/main/AndroidManifest.xml:23:17-52
79                android:value="" />
79-->src/main/AndroidManifest.xml:24:17-33
80        </activity>
81        <activity
81-->src/main/AndroidManifest.xml:70:9-76:20
82            android:name="com.devash.venturenotify.AdminBoard"
82-->src/main/AndroidManifest.xml:71:13-39
83            android:exported="false" >
83-->src/main/AndroidManifest.xml:72:13-37
84            <meta-data
84-->src/main/AndroidManifest.xml:22:13-24:36
85                android:name="android.app.lib_name"
85-->src/main/AndroidManifest.xml:23:17-52
86                android:value="" />
86-->src/main/AndroidManifest.xml:24:17-33
87        </activity>
88        <activity
88-->src/main/AndroidManifest.xml:77:9-90:20
89            android:name="com.devash.venturenotify.Splash"
89-->src/main/AndroidManifest.xml:78:13-35
90            android:exported="true"
90-->src/main/AndroidManifest.xml:79:13-36
91            android:theme="@style/Theme.AppCompat.DayNight.NoActionBar" >
91-->src/main/AndroidManifest.xml:80:13-72
92            <intent-filter>
92-->src/main/AndroidManifest.xml:81:13-85:29
93                <action android:name="android.intent.action.MAIN" />
93-->src/main/AndroidManifest.xml:82:17-69
93-->src/main/AndroidManifest.xml:82:25-66
94
95                <category android:name="android.intent.category.LAUNCHER" />
95-->src/main/AndroidManifest.xml:84:17-77
95-->src/main/AndroidManifest.xml:84:27-74
96            </intent-filter>
97
98            <meta-data
98-->src/main/AndroidManifest.xml:22:13-24:36
99                android:name="android.app.lib_name"
99-->src/main/AndroidManifest.xml:23:17-52
100                android:value="" />
100-->src/main/AndroidManifest.xml:24:17-33
101        </activity>
102
103        <service
103-->src/main/AndroidManifest.xml:92:9-99:19
104            android:name="com.devash.venturenotify.FirebaseMessagingService"
104-->src/main/AndroidManifest.xml:93:13-53
105            android:directBootAware="true"
105-->src/main/AndroidManifest.xml:94:13-43
106            android:exported="false" >
106-->src/main/AndroidManifest.xml:95:13-37
107            <intent-filter>
107-->src/main/AndroidManifest.xml:96:13-98:29
108                <action android:name="com.google.firebase.MESSAGING_EVENT" />
108-->src/main/AndroidManifest.xml:97:17-78
108-->src/main/AndroidManifest.xml:97:25-75
109            </intent-filter>
110        </service>
111
112        <activity
112-->[com.google.firebase:firebase-auth:21.1.0] AndroidManifest.xml:27:9-44:20
113            android:name="com.google.firebase.auth.internal.GenericIdpActivity"
113-->[com.google.firebase:firebase-auth:21.1.0] AndroidManifest.xml:28:13-80
114            android:excludeFromRecents="true"
114-->[com.google.firebase:firebase-auth:21.1.0] AndroidManifest.xml:29:13-46
115            android:exported="true"
115-->[com.google.firebase:firebase-auth:21.1.0] AndroidManifest.xml:30:13-36
116            android:launchMode="singleTask"
116-->[com.google.firebase:firebase-auth:21.1.0] AndroidManifest.xml:31:13-44
117            android:theme="@android:style/Theme.Translucent.NoTitleBar" >
117-->[com.google.firebase:firebase-auth:21.1.0] AndroidManifest.xml:32:13-72
118            <intent-filter>
118-->[com.google.firebase:firebase-auth:21.1.0] AndroidManifest.xml:33:13-43:29
119                <action android:name="android.intent.action.VIEW" />
119-->[com.google.firebase:firebase-auth:21.1.0] AndroidManifest.xml:34:17-69
119-->[com.google.firebase:firebase-auth:21.1.0] AndroidManifest.xml:34:25-66
120
121                <category android:name="android.intent.category.DEFAULT" />
121-->[com.google.firebase:firebase-auth:21.1.0] AndroidManifest.xml:36:17-76
121-->[com.google.firebase:firebase-auth:21.1.0] AndroidManifest.xml:36:27-73
122                <category android:name="android.intent.category.BROWSABLE" />
122-->[com.google.firebase:firebase-auth:21.1.0] AndroidManifest.xml:37:17-78
122-->[com.google.firebase:firebase-auth:21.1.0] AndroidManifest.xml:37:27-75
123
124                <data
124-->[com.google.firebase:firebase-auth:21.1.0] AndroidManifest.xml:39:17-42:51
125                    android:host="firebase.auth"
125-->[com.google.firebase:firebase-auth:21.1.0] AndroidManifest.xml:40:21-49
126                    android:path="/"
126-->[com.google.firebase:firebase-auth:21.1.0] AndroidManifest.xml:41:21-37
127                    android:scheme="genericidp" />
127-->[com.google.firebase:firebase-auth:21.1.0] AndroidManifest.xml:42:21-48
128            </intent-filter>
129        </activity>
130        <activity
130-->[com.google.firebase:firebase-auth:21.1.0] AndroidManifest.xml:45:9-62:20
131            android:name="com.google.firebase.auth.internal.RecaptchaActivity"
131-->[com.google.firebase:firebase-auth:21.1.0] AndroidManifest.xml:46:13-79
132            android:excludeFromRecents="true"
132-->[com.google.firebase:firebase-auth:21.1.0] AndroidManifest.xml:47:13-46
133            android:exported="true"
133-->[com.google.firebase:firebase-auth:21.1.0] AndroidManifest.xml:48:13-36
134            android:launchMode="singleTask"
134-->[com.google.firebase:firebase-auth:21.1.0] AndroidManifest.xml:49:13-44
135            android:theme="@android:style/Theme.Translucent.NoTitleBar" >
135-->[com.google.firebase:firebase-auth:21.1.0] AndroidManifest.xml:50:13-72
136            <intent-filter>
136-->[com.google.firebase:firebase-auth:21.1.0] AndroidManifest.xml:51:13-61:29
137                <action android:name="android.intent.action.VIEW" />
137-->[com.google.firebase:firebase-auth:21.1.0] AndroidManifest.xml:34:17-69
137-->[com.google.firebase:firebase-auth:21.1.0] AndroidManifest.xml:34:25-66
138
139                <category android:name="android.intent.category.DEFAULT" />
139-->[com.google.firebase:firebase-auth:21.1.0] AndroidManifest.xml:36:17-76
139-->[com.google.firebase:firebase-auth:21.1.0] AndroidManifest.xml:36:27-73
140                <category android:name="android.intent.category.BROWSABLE" />
140-->[com.google.firebase:firebase-auth:21.1.0] AndroidManifest.xml:37:17-78
140-->[com.google.firebase:firebase-auth:21.1.0] AndroidManifest.xml:37:27-75
141
142                <data
142-->[com.google.firebase:firebase-auth:21.1.0] AndroidManifest.xml:39:17-42:51
143                    android:host="firebase.auth"
143-->[com.google.firebase:firebase-auth:21.1.0] AndroidManifest.xml:40:21-49
144                    android:path="/"
144-->[com.google.firebase:firebase-auth:21.1.0] AndroidManifest.xml:41:21-37
145                    android:scheme="recaptcha" />
145-->[com.google.firebase:firebase-auth:21.1.0] AndroidManifest.xml:42:21-48
146            </intent-filter>
147        </activity>
148
149        <service
149-->[com.google.firebase:firebase-auth:21.1.0] AndroidManifest.xml:64:9-70:19
150            android:name="com.google.firebase.components.ComponentDiscoveryService"
150-->[com.google.firebase:firebase-auth:21.1.0] AndroidManifest.xml:65:13-84
151            android:directBootAware="true"
151-->[com.google.firebase:firebase-common:20.2.0] AndroidManifest.xml:34:13-43
152            android:exported="false" >
152-->[com.google.firebase:firebase-auth:21.1.0] AndroidManifest.xml:66:13-37
153            <meta-data
153-->[com.google.firebase:firebase-auth:21.1.0] AndroidManifest.xml:67:13-69:85
154                android:name="com.google.firebase.components:com.google.firebase.auth.FirebaseAuthRegistrar"
154-->[com.google.firebase:firebase-auth:21.1.0] AndroidManifest.xml:68:17-109
155                android:value="com.google.firebase.components.ComponentRegistrar" />
155-->[com.google.firebase:firebase-auth:21.1.0] AndroidManifest.xml:69:17-82
156            <meta-data
156-->[com.google.firebase:firebase-database:20.1.0] AndroidManifest.xml:31:13-33:85
157                android:name="com.google.firebase.components:com.google.firebase.database.DatabaseRegistrar"
157-->[com.google.firebase:firebase-database:20.1.0] AndroidManifest.xml:32:17-109
158                android:value="com.google.firebase.components.ComponentRegistrar" />
158-->[com.google.firebase:firebase-database:20.1.0] AndroidManifest.xml:33:17-82
159            <meta-data
159-->[com.google.firebase:firebase-firestore:24.4.1] AndroidManifest.xml:19:13-21:85
160                android:name="com.google.firebase.components:com.google.firebase.firestore.FirestoreRegistrar"
160-->[com.google.firebase:firebase-firestore:24.4.1] AndroidManifest.xml:20:17-111
161                android:value="com.google.firebase.components.ComponentRegistrar" />
161-->[com.google.firebase:firebase-firestore:24.4.1] AndroidManifest.xml:21:17-82
162            <meta-data
162-->[com.google.firebase:firebase-messaging:23.1.0] AndroidManifest.xml:55:13-57:85
163                android:name="com.google.firebase.components:com.google.firebase.messaging.FirebaseMessagingRegistrar"
163-->[com.google.firebase:firebase-messaging:23.1.0] AndroidManifest.xml:56:17-119
164                android:value="com.google.firebase.components.ComponentRegistrar" />
164-->[com.google.firebase:firebase-messaging:23.1.0] AndroidManifest.xml:57:17-82
165            <meta-data
165-->[com.google.firebase:firebase-datatransport:18.1.7] AndroidManifest.xml:27:13-29:85
166                android:name="com.google.firebase.components:com.google.firebase.datatransport.TransportRegistrar"
166-->[com.google.firebase:firebase-datatransport:18.1.7] AndroidManifest.xml:28:17-115
167                android:value="com.google.firebase.components.ComponentRegistrar" />
167-->[com.google.firebase:firebase-datatransport:18.1.7] AndroidManifest.xml:29:17-82
168            <meta-data
168-->[com.google.firebase:firebase-installations:17.1.0] AndroidManifest.xml:17:13-19:85
169                android:name="com.google.firebase.components:com.google.firebase.installations.FirebaseInstallationsRegistrar"
169-->[com.google.firebase:firebase-installations:17.1.0] AndroidManifest.xml:18:17-127
170                android:value="com.google.firebase.components.ComponentRegistrar" />
170-->[com.google.firebase:firebase-installations:17.1.0] AndroidManifest.xml:19:17-82
171        </service>
172
173        <receiver
173-->[com.google.firebase:firebase-messaging:23.1.0] AndroidManifest.xml:31:9-38:20
174            android:name="com.google.firebase.iid.FirebaseInstanceIdReceiver"
174-->[com.google.firebase:firebase-messaging:23.1.0] AndroidManifest.xml:32:13-78
175            android:exported="true"
175-->[com.google.firebase:firebase-messaging:23.1.0] AndroidManifest.xml:33:13-36
176            android:permission="com.google.android.c2dm.permission.SEND" >
176-->[com.google.firebase:firebase-messaging:23.1.0] AndroidManifest.xml:34:13-73
177            <intent-filter>
177-->[com.google.firebase:firebase-messaging:23.1.0] AndroidManifest.xml:35:13-37:29
178                <action android:name="com.google.android.c2dm.intent.RECEIVE" />
178-->[com.google.firebase:firebase-messaging:23.1.0] AndroidManifest.xml:36:17-81
178-->[com.google.firebase:firebase-messaging:23.1.0] AndroidManifest.xml:36:25-78
179            </intent-filter>
180        </receiver>
181        <!--
182             FirebaseMessagingService performs security checks at runtime,
183             but set to not exported to explicitly avoid allowing another app to call it.
184        -->
185        <service
185-->[com.google.firebase:firebase-messaging:23.1.0] AndroidManifest.xml:44:9-51:19
186            android:name="com.google.firebase.messaging.FirebaseMessagingService"
186-->[com.google.firebase:firebase-messaging:23.1.0] AndroidManifest.xml:45:13-82
187            android:directBootAware="true"
187-->[com.google.firebase:firebase-messaging:23.1.0] AndroidManifest.xml:46:13-43
188            android:exported="false" >
188-->[com.google.firebase:firebase-messaging:23.1.0] AndroidManifest.xml:47:13-37
189            <intent-filter android:priority="-500" >
189-->src/main/AndroidManifest.xml:96:13-98:29
190                <action android:name="com.google.firebase.MESSAGING_EVENT" />
190-->src/main/AndroidManifest.xml:97:17-78
190-->src/main/AndroidManifest.xml:97:25-75
191            </intent-filter>
192        </service>
193
194        <provider
194-->[com.google.firebase:firebase-common:20.2.0] AndroidManifest.xml:25:9-30:39
195            android:name="com.google.firebase.provider.FirebaseInitProvider"
195-->[com.google.firebase:firebase-common:20.2.0] AndroidManifest.xml:26:13-77
196            android:authorities="com.devash.venturenotify.firebaseinitprovider"
196-->[com.google.firebase:firebase-common:20.2.0] AndroidManifest.xml:27:13-72
197            android:directBootAware="true"
197-->[com.google.firebase:firebase-common:20.2.0] AndroidManifest.xml:28:13-43
198            android:exported="false"
198-->[com.google.firebase:firebase-common:20.2.0] AndroidManifest.xml:29:13-37
199            android:initOrder="100" />
199-->[com.google.firebase:firebase-common:20.2.0] AndroidManifest.xml:30:13-36
200
201        <activity
201-->[com.google.android.gms:play-services-base:18.0.1] AndroidManifest.xml:20:9-22:45
202            android:name="com.google.android.gms.common.api.GoogleApiActivity"
202-->[com.google.android.gms:play-services-base:18.0.1] AndroidManifest.xml:20:19-85
203            android:exported="false"
203-->[com.google.android.gms:play-services-base:18.0.1] AndroidManifest.xml:22:19-43
204            android:theme="@android:style/Theme.Translucent.NoTitleBar" />
204-->[com.google.android.gms:play-services-base:18.0.1] AndroidManifest.xml:21:19-78
205
206        <meta-data
206-->[com.google.android.gms:play-services-basement:18.1.0] AndroidManifest.xml:21:9-23:69
207            android:name="com.google.android.gms.version"
207-->[com.google.android.gms:play-services-basement:18.1.0] AndroidManifest.xml:22:13-58
208            android:value="@integer/google_play_services_version" />
208-->[com.google.android.gms:play-services-basement:18.1.0] AndroidManifest.xml:23:13-66
209
210        <provider
210-->[androidx.emoji2:emoji2:1.2.0] AndroidManifest.xml:24:9-32:20
211            android:name="androidx.startup.InitializationProvider"
211-->[androidx.emoji2:emoji2:1.2.0] AndroidManifest.xml:25:13-67
212            android:authorities="com.devash.venturenotify.androidx-startup"
212-->[androidx.emoji2:emoji2:1.2.0] AndroidManifest.xml:26:13-68
213            android:exported="false" >
213-->[androidx.emoji2:emoji2:1.2.0] AndroidManifest.xml:27:13-37
214            <meta-data
214-->[androidx.emoji2:emoji2:1.2.0] AndroidManifest.xml:29:13-31:52
215                android:name="androidx.emoji2.text.EmojiCompatInitializer"
215-->[androidx.emoji2:emoji2:1.2.0] AndroidManifest.xml:30:17-75
216                android:value="androidx.startup" />
216-->[androidx.emoji2:emoji2:1.2.0] AndroidManifest.xml:31:17-49
217            <meta-data
217-->[androidx.lifecycle:lifecycle-process:2.4.1] AndroidManifest.xml:31:13-33:52
218                android:name="androidx.lifecycle.ProcessLifecycleInitializer"
218-->[androidx.lifecycle:lifecycle-process:2.4.1] AndroidManifest.xml:32:17-78
219                android:value="androidx.startup" />
219-->[androidx.lifecycle:lifecycle-process:2.4.1] AndroidManifest.xml:33:17-49
220        </provider>
221
222        <service
222-->[com.google.android.datatransport:transport-backend-cct:3.1.8] AndroidManifest.xml:28:9-34:19
223            android:name="com.google.android.datatransport.runtime.backends.TransportBackendDiscovery"
223-->[com.google.android.datatransport:transport-backend-cct:3.1.8] AndroidManifest.xml:29:13-103
224            android:exported="false" >
224-->[com.google.android.datatransport:transport-backend-cct:3.1.8] AndroidManifest.xml:30:13-37
225            <meta-data
225-->[com.google.android.datatransport:transport-backend-cct:3.1.8] AndroidManifest.xml:31:13-33:39
226                android:name="backend:com.google.android.datatransport.cct.CctBackendFactory"
226-->[com.google.android.datatransport:transport-backend-cct:3.1.8] AndroidManifest.xml:32:17-94
227                android:value="cct" />
227-->[com.google.android.datatransport:transport-backend-cct:3.1.8] AndroidManifest.xml:33:17-36
228        </service>
229        <service
229-->[com.google.android.datatransport:transport-runtime:3.1.8] AndroidManifest.xml:26:9-30:19
230            android:name="com.google.android.datatransport.runtime.scheduling.jobscheduling.JobInfoSchedulerService"
230-->[com.google.android.datatransport:transport-runtime:3.1.8] AndroidManifest.xml:27:13-117
231            android:exported="false"
231-->[com.google.android.datatransport:transport-runtime:3.1.8] AndroidManifest.xml:28:13-37
232            android:permission="android.permission.BIND_JOB_SERVICE" >
232-->[com.google.android.datatransport:transport-runtime:3.1.8] AndroidManifest.xml:29:13-69
233        </service>
234
235        <receiver
235-->[com.google.android.datatransport:transport-runtime:3.1.8] AndroidManifest.xml:32:9-34:40
236            android:name="com.google.android.datatransport.runtime.scheduling.jobscheduling.AlarmManagerSchedulerBroadcastReceiver"
236-->[com.google.android.datatransport:transport-runtime:3.1.8] AndroidManifest.xml:33:13-132
237            android:exported="false" />
237-->[com.google.android.datatransport:transport-runtime:3.1.8] AndroidManifest.xml:34:13-37
238    </application>
239
240</manifest>